#
# A fatal error has been detected by the Java Runtime Environment:
#
#  Internal Error (classFileParser.cpp:3494), pid=16320, tid=7092
#  Error: ShouldNotReachHere()
#
# JRE version: 6.0_43-b01
# Java VM: Java HotSpot(TM) Client VM (20.14-b01 mixed mode windows-x86 )
# If you would like to submit a bug report, please visit:
#   http://java.sun.com/webapps/bugreport/crash.jsp
#

---------------  T H R E A D  ---------------

Current thread (0x024ba000):  JavaThread "Unknown thread" [_thread_in_vm, id=7092, stack(0x00250000,0x002a0000)]

Stack: [0x00250000,0x002a0000],  sp=0x0029f86c,  free space=318k
Native frames: (J=compiled Java code, j=interpreted, Vv=VM code, C=native code)
V  [jvm.dll+0x13490a]
V  [jvm.dll+0x12f3fb]
V  [jvm.dll+0x1676e]
V  [jvm.dll+0x17faf]
V  [jvm.dll+0x27565]
V  [jvm.dll+0x27da6]
V  [jvm.dll+0x28155]
V  [jvm.dll+0x281e9]
V  [jvm.dll+0x282ac]
V  [jvm.dll+0x2832a]
V  [jvm.dll+0x2840d]
V  [jvm.dll+0x286d9]
V  [jvm.dll+0x6cdd3]
V  [jvm.dll+0x6d1ac]
V  [jvm.dll+0xfa79c]
V  [jvm.dll+0x1190eb]
V  [jvm.dll+0x9f4e0]
C  [javaw.exe+0x1657]
C  [javaw.exe+0x1e2c]
C  [javaw.exe+0x8624]
C  [KERNEL32.dll+0x1336a]  BaseThreadInitThunk+0x12
C  [ntdll.dll+0x39f72]  RtlInitializeExceptionChain+0x63
C  [ntdll.dll+0x39f45]  RtlInitializeExceptionChain+0x36


---------------  P R O C E S S  ---------------

Java Threads: ( => current thread )

Other Threads:

=>0x024ba000 (exited) JavaThread "Unknown thread" [_thread_in_vm, id=7092, stack(0x00250000,0x002a0000)]

VM state:not at safepoint (not fully initialized)

VM Mutex/Monitor currently owned by a thread: None

Dynamic libraries:
0x00400000 - 0x00425000 	F:\Program Files(x86)\Java\jdk1.6.0_43\bin\javaw.exe
0x77340000 - 0x774c0000 	C:\Windows\SysWOW64\ntdll.dll
0x6ffe0000 - 0x7001f000 	E:\avast\snxhk.dll
0x76a10000 - 0x76b20000 	C:\Windows\syswow64\KERNEL32.dll
0x76db0000 - 0x76df7000 	C:\Windows\syswow64\KERNELBASE.dll
0x74e00000 - 0x74ea0000 	C:\Windows\syswow64\ADVAPI32.dll
0x76c00000 - 0x76cac000 	C:\Windows\syswow64\msvcrt.dll
0x76e90000 - 0x76ea9000 	C:\Windows\SysWOW64\sechost.dll
0x764f0000 - 0x765e0000 	C:\Windows\syswow64\RPCRT4.dll
0x74d60000 - 0x74dc0000 	C:\Windows\syswow64\SspiCli.dll
0x74d50000 - 0x74d5c000 	C:\Windows\syswow64\CRYPTBASE.dll
0x75590000 - 0x75690000 	C:\Windows\syswow64\USER32.dll
0x76e00000 - 0x76e90000 	C:\Windows\syswow64\GDI32.dll
0x752b0000 - 0x752ba000 	C:\Windows\syswow64\LPK.dll
0x76d10000 - 0x76dad000 	C:\Windows\syswow64\USP10.dll
0x76cb0000 - 0x76d10000 	C:\Windows\system32\IMM32.DLL
0x74f50000 - 0x7501c000 	C:\Windows\syswow64\MSCTF.dll
0x72090000 - 0x720c5000 	c:\windows\syswow64\nvinit.dll
0x7c340000 - 0x7c396000 	F:\Program Files(x86)\Java\jdk1.6.0_43\jre\bin\msvcr71.dll
0x6d8c0000 - 0x6db70000 	F:\Program Files(x86)\Java\jdk1.6.0_43\jre\bin\client\jvm.dll
0x6ef30000 - 0x6ef62000 	C:\Windows\system32\WINMM.dll
0x73ce0000 - 0x73d2c000 	C:\Windows\system32\apphelp.dll
0x6d870000 - 0x6d87c000 	F:\Program Files(x86)\Java\jdk1.6.0_43\jre\bin\verify.dll
0x6d3d0000 - 0x6d3ef000 	F:\Program Files(x86)\Java\jdk1.6.0_43\jre\bin\java.dll
0x6d8b0000 - 0x6d8bf000 	F:\Program Files(x86)\Java\jdk1.6.0_43\jre\bin\zip.dll
0x76bf0000 - 0x76bf5000 	C:\Windows\system32\PSAPI.DLL

VM Arguments:
jvm_args: -Dfile.encoding=GBK -Xbootclasspath:E:\Android SDK\adt-bundle-windows-x86-20131030\adt-bundle-windows-x86-20131030\sdk\platforms\android-19\android.jar 
java_command: com.csei.analysexml.ParseXml
Launcher Type: SUN_STANDARD

Environment Variables:
JAVA_HOME=F:\Program Files(x86)\Java\jdk1.6.0_43
CLASSPATH=.;F:\Program Files(x86)\Java\jdk1.6.0_43\lib\dt.jar;F:\Program Files(x86)\Java\jdk1.6.0_43\lib\tools.jar;F:\apache-tomcat-6.0.37\lib\servlet-api.jar;F:\Program Files(x86)\Java\jre6\lib\ext\QTJava.zip
PATH=F:/Program Files(x86)/Java/jdk1.6.0_43/bin/../jre/bin/client;F:/Program Files(x86)/Java/jdk1.6.0_43/bin/../jre/bin;F:/Program Files(x86)/Java/jdk1.6.0_43/bin/../jre/lib/i386;F:\Program Files(x86)\Java\jdk1.6.0_43\bin;F:\Program Files(x86)\Java\jdk1.6.0_43\jre\bin;C:\Windows\system32;C:\Windows;C:\Windows\System32\Wbem;C:\Windows\System32\WindowsPowerShell\v1.0\;F:\grails-2.2.4\grails-2.2.4\bin;F:\mysql\bin;E:\mysql2\bin;c:\Program Files (x86)\Microsoft SQL Server\90\Tools\binn\;F:\mysqlproxy\mysql-proxy-0.8.2-win32-x86\bin;F:\apache-tomcat-6.0.37\bin;E:\mongodb\bin;C:\Users\ThinkPad\AppData\Roaming\npm;C:\Program Files\Intel\WiFi\bin\;C:\Program Files\Common Files\Intel\WirelessCommon\;E:\Android SDK\adt-bundle-windows-x86-20131030\adt-bundle-windows-x86-20131030\eclipse;
USERNAME=ThinkPad
OS=Windows_NT
PROCESSOR_IDENTIFIER=Intel64 Family 6 Model 42 Stepping 7, GenuineIntel



---------------  S Y S T E M  ---------------

OS: Windows 7 , 64 bit Build 7601 Service Pack 1

CPU:total 4 (2 cores per cpu, 2 threads per core) family 6 model 42 stepping 7, cmov, cx8, fxsr, mmx, sse, sse2, sse3, ssse3, sse4.1, sse4.2, popcnt, ht

Memory: 4k page, physical 1676784k(115840k free), swap 3879496k(393728k free)

vm_info: Java HotSpot(TM) Client VM (20.14-b01) for windows-x86 JRE (1.6.0_43-b01), built on Mar  1 2013 02:51:23 by "java_re" with MS VC++ 7.1 (VS2003)

time: Tue Dec 17 14:24:36 2013
elapsed time: 0 seconds

